<?xml version="1.0" encoding="UTF-8"?>
<!-- Generated by org.testng.reporters.JUnitXMLReporter -->
<testsuite ignored="2" hostname="DESKTOP-LMST07M" failures="1" tests="1" name="Test" time="7.992" errors="0" timestamp="2023-04-17T10:39:20 IST">
  <testcase classname="com.screenshot.Capture_Screenshot" name="GitHUB" time="3.896">
    <failure type="java.lang.AssertionError" message="expected [https://github.com/login] but found [https://github.com/session]">
      <![CDATA[java.lang.AssertionError: expected [https://github.com/login] but found [https://github.com/session]
at com.screenshot.Capture_Screenshot.GitHUB(Capture_Screenshot.java:35)
at java.base/java.util.ArrayList.forEach(ArrayList.java:1511)
... Removed 32 stack frames]]>
    </failure>
  </testcase> <!-- GitHUB -->
  <testcase classname="com.screenshot.Capture_Screenshot" name="Reddit" time="0.0">
    <ignored/>
  </testcase> <!-- Reddit -->
  <testcase classname="com.screenshot.Capture_Screenshot" name="OrangeHRM" time="0.0">
    <ignored/>
  </testcase> <!-- OrangeHRM -->
</testsuite> <!-- Test -->
